[0mGET / [32m200 [0m7.882 ms - 28[0m
[0mGET /from [32m200 [0m1.873 ms - 28[0m
[0mGET /form [31m500 [0m19.811 ms - -[0m
[0mGET /form [31m500 [0m7.808 ms - -[0m
[0mGET /form [31m500 [0m3.202 ms - -[0m
[0mGET /form [31m500 [0m23.604 ms - -[0m
[0mGET /form [31m500 [0m19.927 ms - -[0m
[0mGET /form [31m500 [0m3.487 ms - -[0m
[0mGET /form [31m500 [0m2.261 ms - -[0m
[0mGET /form [31m500 [0m5.671 ms - -[0m
[0mGET /form [31m500 [0m34.226 ms - -[0m
[0mGET /form [31m500 [0m25.213 ms - -[0m
[0mGET /form [31m500 [0m22.105 ms - -[0m
[0mGET /form [31m500 [0m2.394 ms - -[0m
[0mGET /form [31m500 [0m1.887 ms - -[0m
[0mGET /form [31m500 [0m13.930 ms - -[0m
[0mGET /form [31m500 [0m3.024 ms - -[0m
[0mGET /form [31m500 [0m23.358 ms - -[0m
[0mGET /fro, [32m200 [0m11.383 ms - 28[0m
[0mGET /from [32m200 [0m2.004 ms - 28[0m
[0mGET /form [31m500 [0m12.166 ms - -[0m
[0mGET /form [32m200 [0m44.958 ms - 206[0m
[0mPOST /process [33m403 [0m32.447 ms - -[0m
[0mPOST /process [33m403 [0m42.312 ms - -[0m
[0mGET /form [32m200 [0m16.919 ms - 206[0m
[0mGET /form [32m200 [0m2.033 ms - 206[0m
[0mPOST /process [33m403 [0m1.979 ms - -[0m
[0mGET /form [32m200 [0m2.168 ms - 206[0m
[0mGET /form [32m200 [0m1.850 ms - 206[0m
[0mGET /form [32m200 [0m9.877 ms - 206[0m
[0mGET /form [32m200 [0m18.957 ms - 206[0m
[0mGET /form [32m200 [0m30.694 ms - 206[0m
[0mGET /form [32m200 [0m3.625 ms - 206[0m
[0mGET /form [32m200 [0m24.304 ms - 206[0m
[0mGET /form [32m200 [0m2.903 ms - 204[0m
[0mGET /form [32m200 [0m2.133 ms - 204[0m
[0mGET /form [32m200 [0m30.063 ms - 204[0m
[0mGET /form [32m200 [0m2.741 ms - 204[0m
[0mGET /form [32m200 [0m18.979 ms - 229[0m
[0mGET /form [32m200 [0m1.634 ms - 229[0m
[0mPOST /process [32m200 [0m30.741 ms - 23[0m
[0mGET /form [32m200 [0m0.991 ms - 229[0m
[0mGET /form [32m200 [0m1.426 ms - 229[0m
[0mGET /from [32m200 [0m17.117 ms - 28[0m
[0mGET /fro, [32m200 [0m1.102 ms - 28[0m
[0mGET /from [32m200 [0m8.511 ms - 28[0m
[0mGET /form [32m200 [0m20.488 ms - 229[0m
[0mGET /form [32m200 [0m23.342 ms - 229[0m
[0mPOST /process [32m200 [0m28.910 ms - 23[0m
[0mGET /form [32m200 [0m7.698 ms - 229[0m
[0mGET /form [32m200 [0m4.432 ms - 229[0m
[0mGET /form [32m200 [0m16.392 ms - 229[0m
[0mGET /form [32m200 [0m7.977 ms - 229[0m
[0mPOST /process [32m200 [0m8.044 ms - 23[0m
[0mGET /form [32m200 [0m2.840 ms - 229[0m
[0mGET //xss-1/reflected/right?name=%3CsCri%3Cscript%3Ept%3Ealert(%22hey!%22) [32m200 [0m16.048 ms - 28[0m
[0mGET //xss-1/reflected/right?name=%3CsCri%3Cscript%3Ept%3Ealert(%22hey!%22) [36m304 [0m7.933 ms - -[0m
[0mGET //xss-1/reflected/right [32m200 [0m1.686 ms - 28[0m
[0mGET /from [36m304 [0m10.236 ms - -[0m
[0mGET /form [32m200 [0m1.685 ms - 28[0m
[0mGET /form [36m304 [0m3.556 ms - -[0m
[0mGET /form [36m304 [0m11.581 ms - -[0m
[0mGET /form [36m304 [0m1.708 ms - -[0m
[0mGET /form [32m200 [0m33.789 ms - 229[0m
[0mGET /form/123 [32m200 [0m13.369 ms - 28[0m
[0mGET /form/123 [32m200 [0m21.602 ms - 229[0m
[0mGET /form/123//123 [32m200 [0m2.846 ms - 229[0m
[0mPOST /process [32m200 [0m26.069 ms - 23[0m
[0mGET /form [32m200 [0m12.454 ms - 28[0m
[0mGET /formData [32m200 [0m2.665 ms - 28[0m
[0mGET /formData/form [32m200 [0m0.859 ms - 28[0m
[0mGET /formData/form [32m200 [0m1.526 ms - 28[0m
[0mGET /formData/form [32m200 [0m14.448 ms - 28[0m
[0mGET /formPage/form [32m200 [0m8.147 ms - 28[0m
[0mGET /formPage/form [32m200 [0m38.899 ms - 229[0m
[0mPOST /process [32m200 [0m34.377 ms - 28[0m
[0mGET /formPage/form [32m200 [0m5.356 ms - 238[0m
[0mGET /formPage/form [32m200 [0m12.293 ms - 238[0m
[0mPOST /formData/process [32m200 [0m3.021 ms - 23[0m
[0mGET /formPage/form [32m200 [0m43.489 ms - 238[0m
[0mGET /formPage/form [32m200 [0m3.956 ms - 238[0m
[0mPOST /formData/process [32m200 [0m2.649 ms - 23[0m
[0mGET /formPage/form [32m200 [0m1.634 ms - 238[0m
[0mGET /favicon.ico [32m200 [0m8.965 ms - 28[0m
[0mGET /formPage/form [32m200 [0m29.066 ms - 238[0m
[0mGET /favicon.ico [32m200 [0m1.747 ms - 28[0m
[0mPOST /formData/process [33m403 [0m15.592 ms - -[0m
[0mGET /favicon.ico [32m200 [0m1.001 ms - 28[0m
