[0mGET / [32m200 [0m3.910 ms - 28[0m
[0mGET / [32m200 [0m1.626 ms - 28[0m
[0mGET / [32m200 [0m5.919 ms - 28[0m
[0mGET / [32m200 [0m0.799 ms - 28[0m
[0mGET / [32m200 [0m6.588 ms - 28[0m
[0mGET / [32m200 [0m5.970 ms - 28[0m
[0mGET / [32m200 [0m0.921 ms - 28[0m
[0mGET / [32m200 [0m0.746 ms - 28[0m
[0mGET / [32m200 [0m1.161 ms - 28[0m
[0mGET / [31m500 [0m19.918 ms - -[0m
[0mGET / [32m200 [0m15.086 ms - 28[0m
[0mGET / [32m200 [0m2.570 ms - 28[0m
[0mGET / [32m200 [0m1.284 ms - 28[0m
[0mGET / [32m200 [0m16.531 ms - 28[0m
[0mGET / [32m200 [0m1.906 ms - 28[0m
[0mGET / [32m200 [0m2.323 ms - 28[0m
[0mGET / [32m200 [0m14.386 ms - 28[0m
[0mGET /g_tk_demo [32m200 [0m19.921 ms - 562[0m
[0mGET /g_tk_have?g_tk=116101110991011101164555525450 [32m200 [0m2.208 ms - 27[0m
[0mGET /g_tk_demo [32m200 [0m2.454 ms - 562[0m
[0mGET /ng_tk_have [32m200 [0m1.118 ms - 31[0m
[0mGET /g_tk_demo [32m200 [0m0.922 ms - 562[0m
[0mGET /xss-1/reflected/wrong [32m200 [0m1.155 ms - 27[0m
[0mGET /xss-1/reflected/wrong [32m200 [0m1.539 ms - 27[0m
[0mGET /xss-1/reflected/right [32m200 [0m1.046 ms - 27[0m
[0mGET /xss-1/reflected/right [32m200 [0m0.412 ms - 27[0m
[0mGET /xss-1/reflected/right?dsfjksdfj [32m200 [0m0.434 ms - 27[0m
[0mGET /xss-1/reflected/right?dsfjksdfj%3Cscriot%3E [32m200 [0m0.392 ms - 27[0m
[0mGET /xss-1/reflected/right?dsfjksdfj%3Cscript%3E [32m200 [0m1.076 ms - 27[0m
[0mGET /xss-1/reflected/right?d=%27%3Cscript%3Ealert(1)%3C/script%3E%27 [32m200 [0m0.720 ms - 27[0m
[0mGET /xss-1/reflected/right?dsfjksdfj%3Cscript%3E [32m200 [0m0.527 ms - 27[0m
[0mGET /cacheget [32m200 [0m5.529 ms - 28[0m
[0mGET /cacheget [32m200 [0m2.020 ms - 28[0m
[0mGET /cacheget [32m200 [0m7.312 ms - 28[0m
[0mGET /cacheget [32m200 [0m5.096 ms - 28[0m
[0mGET /cacheget [32m200 [0m0.595 ms - 28[0m
[0mGET /cacheget [32m200 [0m0.987 ms - 28[0m
[0mGET /cacheget [32m200 [0m0.425 ms - 28[0m
[0mGET /cacheget [32m200 [0m0.769 ms - 28[0m
[0mGET /cacheget [32m200 [0m0.562 ms - 28[0m
[0mGET /cacheget [32m200 [0m0.310 ms - 28[0m
[0mGET /cacheget [32m200 [0m0.442 ms - 28[0m
[0mGET /cacheget [32m200 [0m0.353 ms - 28[0m
[0mGET /cacheget [32m200 [0m0.409 ms - 28[0m
[0mGET /cacheget [32m200 [0m0.304 ms - 28[0m
[0mGET /cacheget [32m200 [0m0.366 ms - 28[0m
[0mGET /cacheget [32m200 [0m0.491 ms - 28[0m
[0mGET /cacheget [32m200 [0m0.662 ms - 28[0m
[0mGET /cacheget [32m200 [0m0.449 ms - 28[0m
[0mGET /cacheget [32m200 [0m0.700 ms - 28[0m
[0mGET /cacheget [32m200 [0m0.326 ms - 28[0m
[0mGET /cacheget [32m200 [0m0.368 ms - 28[0m
[0mGET /cacheget [32m200 [0m0.404 ms - 28[0m
[0mGET /cacheget [32m200 [0m0.298 ms - 28[0m
[0mGET /cacheget [32m200 [0m0.470 ms - 28[0m
[0mGET /cacheget [32m200 [0m0.838 ms - 28[0m
[0mGET /cacheget [32m200 [0m0.389 ms - 28[0m
[0mGET /cacheget [32m200 [0m0.460 ms - 28[0m
[0mGET /cacheget [32m200 [0m0.339 ms - 28[0m
[0mGET /cacheget [32m200 [0m0.586 ms - 28[0m
[0mGET /cacheget [32m200 [0m0.570 ms - 28[0m
[0mGET /cacheget [32m200 [0m0.449 ms - 28[0m
[0mGET /cacheget [32m200 [0m5.168 ms - 28[0m
[0mGET /cacheget [32m200 [0m0.385 ms - 28[0m
[0mGET /cacheget [32m200 [0m6.531 ms - 28[0m
[0mGET /xss-1/reflected/wrong [32m200 [0m3.838 ms - 27[0m
[0mGET /cacheget [32m200 [0m3.173 ms - 16[0m
[0mGET /cacheget [32m200 [0m0.490 ms - 16[0m
[0mGET /cacheget [32m200 [0m0.354 ms - 16[0m
[0mGET /cacheget [32m200 [0m0.409 ms - 16[0m
[0mGET /cacheget [32m200 [0m0.300 ms - 16[0m
[0mGET /cacheget [32m200 [0m0.356 ms - 16[0m
[0mGET /cacheget [32m200 [0m0.250 ms - 16[0m
[0mGET /cacheget [32m200 [0m0.999 ms - 16[0m
[0mGET /cacheget [32m200 [0m0.398 ms - 16[0m
[0mGET /cacheget [32m200 [0m0.458 ms - 16[0m
[0mGET /cacheget [32m200 [0m1004.834 ms - 16[0m
[0mGET /cacheget [32m200 [0m1001.029 ms - 16[0m
[0mGET /cacheget [32m200 [0m1000.672 ms - 16[0m
[0mGET /cacheget [32m200 [0m1004.450 ms - 16[0m
[0mGET /cacheget [32m200 [0m3003.666 ms - 16[0m
[0mGET /cacheget [32m200 [0m3001.472 ms - 16[0m
[0mGET /cacheget [32m200 [0m3000.951 ms - 16[0m
[0mGET /cacheget [32m200 [0m3005.815 ms - 16[0m
[0mGET /cacheget [36m304 [0m3001.561 ms - -[0m
[0mGET /cacheget [36m304 [0m3001.447 ms - -[0m
[0mGET /cacheget [36m304 [0m3000.928 ms - -[0m
[0mGET /cacheget [32m200 [0m3001.254 ms - 16[0m
[0mGET /cacheget [32m200 [0m3005.568 ms - 16[0m
[0mGET /cacheget [36m304 [0m3001.106 ms - -[0m
[0mGET /cacheget [36m304 [0m3001.368 ms - -[0m
[0mGET /cacheget [36m304 [0m3001.648 ms - -[0m
[0mGET /cacheget [36m304 [0m3000.950 ms - -[0m
[0mGET /cacheget [36m304 [0m3001.057 ms - -[0m
[0mGET /cacheget [36m304 [0m3000.636 ms - -[0m
[0mGET /cacheget [36m304 [0m3001.315 ms - -[0m
[0mGET /cacheget [36m304 [0m3000.678 ms - -[0m
[0mGET /cacheset [32m200 [0m2003.952 ms - 16[0m
[0mGET /cacheget [32m200 [0m2004.001 ms - 16[0m
[0mGET /cacheset [36m304 [0m2001.468 ms - -[0m
[0mGET /cacheget [32m200 [0m2001.091 ms - 16[0m
[0mGET /cacheget [31m500 [0m2005.399 ms - -[0m
[0mGET /cacheget [32m200 [0m2005.068 ms - 16[0m
[0mGET /cacheget [32m200 [0m2004.511 ms - 16[0m
[0mGET /cacheget [32m200 [0m2001.397 ms - 16[0m
[0mGET /cacheset [32m200 [0m2001.501 ms - 15[0m
[0mGET /cacheset [32m200 [0m2001.553 ms - 15[0m
[0mGET /cacheget [36m304 [0m2005.296 ms - -[0m
[0mGET /cacheset [32m200 [0m2005.522 ms - 15[0m
[0mGET /cacheget [36m304 [0m2002.007 ms - -[0m
[0mGET /cacheset [32m200 [0m2005.343 ms - 15[0m
[0mGET /cacheget [32m200 [0m2001.863 ms - 27[0m
[0mGET /cacheget [36m304 [0m2001.116 ms - -[0m
[0mGET /cacheget [32m200 [0m2004.256 ms - 27[0m
[0mGET /cacheset [32m200 [0m2003.857 ms - 15[0m
[0mGET /cacheget [32m200 [0m2001.361 ms - 27[0m
[0mGET /cacheget [36m304 [0m2001.799 ms - -[0m
[0mGET /cacheget [32m200 [0m2004.593 ms - 27[0m
[0mGET /cacheset [32m200 [0m2002.417 ms - 15[0m
[0mGET /cacheset [32m200 [0m2002.690 ms - 15[0m
[0mGET /cacheget [32m200 [0m2001.122 ms - 27[0m
[0mGET /cacheget [36m304 [0m2001.896 ms - -[0m
[0mGET /cacheget [36m304 [0m2001.150 ms - -[0m
[0mGET /cacheget [36m304 [0m2001.166 ms - -[0m
[0mGET /cacheget [36m304 [0m2002.536 ms - -[0m
[0mGET /cacheget [36m304 [0m2001.752 ms - -[0m
[0mGET /cacheget [32m200 [0m2001.417 ms - 27[0m
[0mGET /cacheget [32m200 [0m2002.036 ms - 27[0m
[0mGET /cacheget [32m200 [0m2000.876 ms - 27[0m
[0mGET /cacheget [32m200 [0m2000.602 ms - 27[0m
[0mGET /cacheget [32m200 [0m2000.961 ms - 27[0m
[0mGET /cacheget [32m200 [0m2002.190 ms - 27[0m
[0mGET /cacheget [32m200 [0m2002.788 ms - 27[0m
[0mGET /cacheget [32m200 [0m2019.999 ms - 27[0m
[0mGET /cacheget [32m200 [0m2002.547 ms - 27[0m
[0mGET /cacheget [32m200 [0m2011.212 ms - 27[0m
[0mGET /cacheget [32m200 [0m2009.435 ms - 27[0m
[0mGET /cacheget [32m200 [0m2006.166 ms - 27[0m
[0mGET /cacheget [32m200 [0m2005.250 ms - 27[0m
[0mGET /cacheget [32m200 [0m2001.021 ms - 27[0m
[0mGET /cacheget [32m200 [0m2006.230 ms - 39[0m
[0mGET /cacheget [32m200 [0m2006.192 ms - 39[0m
[0mGET /cacheget [32m200 [0m2014.230 ms - 39[0m
[0mGET /cacheget [32m200 [0m2007.583 ms - 39[0m
[0mGET /cacheget [32m200 [0m2013.028 ms - 39[0m
[0mGET /cacheget [32m200 [0m2013.487 ms - 39[0m
[0mGET /cacheget [32m200 [0m2022.331 ms - 39[0m
[0mGET /cacheget [32m200 [0m2001.104 ms - 39[0m
[0mGET /cacheget [32m200 [0m2005.085 ms - 39[0m
[0mGET /cacheget [32m200 [0m2003.414 ms - 39[0m
[0mGET /cacheset [32m200 [0m2001.803 ms - 27[0m
[0mGET /cacheset [32m200 [0m2001.992 ms - 27[0m
[0mGET /cacheset [32m200 [0m2008.432 ms - 27[0m
[0mGET /cacheset [32m200 [0m2021.615 ms - 27[0m
[0mGET /cacheset [32m200 [0m2057.252 ms - 27[0m
[0mGET /cacheset [32m200 [0m2001.864 ms - 27[0m
[0mGET /cacheset [32m200 [0m2012.014 ms - 27[0m
[0mGET /cacheset [32m200 [0m2008.884 ms - 27[0m
[0mGET /cacheset [32m200 [0m2012.472 ms - 27[0m
[0mGET /cacheset [32m200 [0m2001.020 ms - 27[0m
[0mGET /cacheget [32m200 [0m2006.404 ms - 39[0m
[0mGET /cacheget [32m200 [0m2002.077 ms - 39[0m
[0mGET /cacheget [32m200 [0m2001.035 ms - 39[0m
[0mGET /cacheget [32m200 [0m2002.177 ms - 39[0m
[0mGET /cacheset [32m200 [0m2017.972 ms - 27[0m
[0mGET /cacheget [32m200 [0m2005.003 ms - 39[0m
[0mGET /cacheget [32m200 [0m2002.970 ms - 39[0m
[0mGET /cacheget [32m200 [0m2001.056 ms - 39[0m
[0mGET /cacheget [32m200 [0m2000.995 ms - 39[0m
[0mGET /cacheget [32m200 [0m2000.844 ms - 39[0m
[0mGET /cacheget [32m200 [0m2001.240 ms - 39[0m
[0mGET /g_tk_demo [31m500 [0m5.547 ms - -[0m
[0mGET /g_tk_demo [32m200 [0m12.319 ms - 15[0m
[0mGET /g_tk_have [31m500 [0m4.213 ms - -[0m
[0mGET /g_tk_demo [32m200 [0m21.869 ms - 532[0m
[0mGET /g_tk_demo [36m304 [0m12.585 ms - -[0m
[0mGET /g_tk_demo [32m200 [0m20.722 ms - 562[0m
[0mGET /g_tk_demo [32m200 [0m10.186 ms - 562[0m
[0mGET /g_tk_demo [32m200 [0m8.841 ms - 560[0m
[0mGET /g_tk_demo [32m200 [0m24.575 ms - 562[0m
[0mGET /g_tk_demo [32m200 [0m54.831 ms - 560[0m
[0mGET /formPage_form [32m200 [0m8.626 ms - 28[0m
[0mGET /formPage/form [32m200 [0m16.691 ms - 260[0m
[0mPOST /formData/process [33m403 [0m18.039 ms - -[0m
[0mGET /formPage/form [32m200 [0m11.216 ms - 260[0m
[0mPOST /formData/process [33m403 [0m6.357 ms - -[0m
[0mPOST /formData/process [33m403 [0m10.571 ms - -[0m
[0mGET /formPage/form [32m200 [0m10.633 ms - 260[0m
[0mPOST /formData/process [33m403 [0m1.038 ms - -[0m
[0mGET /formPage/form [32m200 [0m11.394 ms - 260[0m
[0mGET /formPage/form [32m200 [0m1.724 ms - 260[0m
[0mPOST /formData/process [33m403 [0m5.949 ms - -[0m
[0mGET /formPage/form [32m200 [0m2.582 ms - 260[0m
[0mGET /formPage/form [32m200 [0m49.635 ms - 260[0m
[0mPOST /formData/process [33m403 [0m3.260 ms - -[0m
[0mGET /formPage/form [32m200 [0m1.919 ms - 260[0m
[0mGET /g_tk_have [32m200 [0m1.124 ms - 31[0m
[0mGET /g_tk_have [32m200 [0m5.532 ms - 31[0m
[0mGET /g_tk_demo [32m200 [0m10.621 ms - 562[0m
[0mGET /g_tk_have?g_tk=116101110991011101164549565450 [32m200 [0m1.277 ms - 31[0m
[0mGET /g_tk_demo [32m200 [0m1.679 ms - 562[0m
[0mGET /g_tk_have?g_tk=116101110991011101164556555551 [32m200 [0m1.346 ms - 31[0m
[0mGET /g_tk_have?g_tk=116101110991011101164556555551 [32m200 [0m1.077 ms - 31[0m
[0mGET /g_tk_have [32m200 [0m0.316 ms - 31[0m
[0mGET /g_tk_demo [32m200 [0m0.830 ms - 562[0m
[0mGET /g_tk_demo [32m200 [0m18.006 ms - 562[0m
[0mGET /g_tk_demo [32m200 [0m9.699 ms - 562[0m
[0mGET /g_tk_demo [32m200 [0m8.636 ms - 562[0m
[0mGET /g_tk_demo [32m200 [0m13.949 ms - 562[0m
[0mGET /g_tk_have?g_tk=116101110991011101164550545056 [32m200 [0m0.787 ms - 31[0m
[0mGET /g_tk_demo [32m200 [0m17.883 ms - 560[0m
[0mGET /g_tk_have?g_tk=1161011109910111011645575448 [32m200 [0m1.499 ms - 31[0m
[0mGET /g_tk_demo [32m200 [0m11.062 ms - 560[0m
[0mGET /g_tk_have?g_tk=1161011109910111011645555157 [32m200 [0m1.152 ms - 27[0m
[0mGET /g_tk_demo [32m200 [0m1.331 ms - 560[0m
[0mGET /g_tk_demo [32m200 [0m1.045 ms - 560[0m
[0mGET /g_tk_demo [32m200 [0m0.629 ms - 560[0m
[0mGET /g_tk_demo [32m200 [0m0.765 ms - 560[0m
[0mGET /g_tk_demo [32m200 [0m0.685 ms - 560[0m
[0mGET /g_tk_demo [32m200 [0m1.695 ms - 536[0m
[0mGET /g_tk_demo [32m200 [0m0.630 ms - 536[0m
[0mGET /g_tk_demo [32m200 [0m0.657 ms - 536[0m
[0mGET /g_tk_demo [32m200 [0m0.888 ms - 536[0m
[0mGET /g_tk_demo [32m200 [0m8.910 ms - 536[0m
[0mGET /g_tk_demo [32m200 [0m1.495 ms - 562[0m
[0mGET /g_tk_have?g_tk=116101110991011101164552525651 [32m200 [0m0.669 ms - 31[0m
[0mGET /g_tk_demo [32m200 [0m0.732 ms - 562[0m
[0mGET /g_tk_demo [32m200 [0m12.452 ms - 560[0m
[0mGET /g_tk_have?g_tk=1161011109910111011645545048 [32m200 [0m1.410 ms - 31[0m
[0mGET /g_tk_demo [32m200 [0m1.588 ms - 562[0m
[0mGET /g_tk_demo [32m200 [0m0.743 ms - 562[0m
[0mGET /g_tk_demo [32m200 [0m1.333 ms - 562[0m
[0mGET /g_tk_demo [32m200 [0m11.421 ms - 562[0m
[0mGET /g_tk_demo [32m200 [0m8.329 ms - 562[0m
[0mGET /g_tk_demo [32m200 [0m11.662 ms - 562[0m
[0mGET /g_tk_demo [32m200 [0m22.071 ms - 562[0m
[0mGET /g_tk_have?g_tk=116101110991011101164550515150 [32m200 [0m1.463 ms - 27[0m
[0mGET /g_tk_demo [32m200 [0m18.852 ms - 562[0m
[0mGET /g_tk_demo [32m200 [0m2.088 ms - 562[0m
[0mGET /g_tk_have?g_tk=116101110991011101164550515150 [32m200 [0m1.031 ms - 27[0m
[0mGET /g_tk_demo [32m200 [0m14.873 ms - 562[0m
[0mGET /g_tk_demo/cacheget [32m200 [0m19.564 ms - 562[0m
[0mGET /cacheget [31m500 [0m2004.790 ms - -[0m
[0mGET /cacheget [31m500 [0m2006.124 ms - -[0m
[0mGET /cacheget [31m500 [0m2004.737 ms - -[0m
[0mGET /cacheget [32m200 [0m2008.753 ms - 39[0m
[0mGET /cacheget [32m200 [0m2008.857 ms - 39[0m
[0mGET /cacheget [32m200 [0m2006.204 ms - 39[0m
[0mGET /cacheget [31m500 [0m2005.849 ms - -[0m
[0mGET /cacheget [31m500 [0m2005.174 ms - -[0m
[0mGET /cacheget [31m500 [0m2006.278 ms - -[0m
[0mGET /cacheget [31m500 [0m2006.905 ms - -[0m
[0mGET /cacheget [31m500 [0m2009.783 ms - -[0m
[0mGET /cacheget [31m500 [0m2005.478 ms - 702[0m
[0mGET /cacheget [31m500 [0m2007.662 ms - 702[0m
[0mGET /cacheget [31m500 [0m2005.889 ms - 702[0m
[0mGET /cacheset [32m200 [0m2004.104 ms - 27[0m
[0mGET /cacheget [31m500 [0m2003.942 ms - 702[0m
[0mGET /cacheget [31m500 [0m2006.069 ms - 702[0m
[0mGET /cacheset [32m200 [0m2003.588 ms - 27[0m
[0mGET /cacheget [31m500 [0m2001.603 ms - 702[0m
[0mGET /cacheget [31m500 [0m2006.989 ms - 702[0m
[0mGET /cacheset [31m500 [0m2001.266 ms - -[0m
[0mGET /cacheset [31m500 [0m2005.026 ms - -[0m
[0mGET /cacheset [32m200 [0m2004.699 ms - 27[0m
[0mGET /cacheset [32m200 [0m2004.364 ms - 27[0m
[0mGET /cacheget [31m500 [0m2007.699 ms - 702[0m
[0mGET /cacheget [31m500 [0m2009.285 ms - 702[0m
[0mGET /cacheset [32m200 [0m2006.818 ms - 27[0m
[0mGET /cacheget [31m500 [0m2004.118 ms - 702[0m
[0mGET /cacheget [32m200 [0m2012.079 ms - 36[0m
[0mGET /cacheset [32m200 [0m2003.998 ms - 27[0m
[0mGET /cacheget [32m200 [0m2001.974 ms - 39[0m
[0mGET /cacheget [32m200 [0m2004.870 ms - 39[0m
[0mGET /cacheget [32m200 [0m2005.604 ms - 39[0m
[0mGET /cacheset [32m200 [0m2004.807 ms - 27[0m
[0mGET /cacheset [32m200 [0m2005.292 ms - 27[0m
[0mGET /cacheget [32m200 [0m2001.328 ms - 39[0m
